<?xml version="1.0" encoding="UTF-8"?>
<testsuite xmlns:xsi="http://www.w3.org/2001/XMLSchema-instance" xsi:noNamespaceSchemaLocation="https://maven.apache.org/surefire/maven-surefire-plugin/xsd/surefire-test-report-3.0.xsd" version="3.0" name="UserDaoTest" time="0.026" tests="5" errors="0" skipped="0" failures="0">
  <properties>
[...]
</properties>
  <testcase name="getUserByPhoneAndPassword_Success" classname="UserDaoTest" time="0.007"/>
  <testcase name="getUserByPhoneAndPassword_UserNotFound" classname="UserDaoTest" time="0.005"/>
  <testcase name="getUserByPhoneAndPassword_WithEmptyCredentials" classname="UserDaoTest" time="0.005"/>
  <testcase name="getUserCount_Success" classname="UserDaoTest" time="0.003"/>
  <testcase name="getUserCount_ReturnsZeroWhenNull" classname="UserDaoTest" time="0.002"/>
</testsuite>